<?xml version="1.0" encoding="UTF-8"?>
<!-- Generated by org.testng.reporters.JUnitReportReporter -->
<testsuite hostname="SanmatiVardhama" name="scripts.ValidLoginLogOut" tests="1" failures="0" timestamp="5 Dec 2016 17:03:12 GMT" time="27.666" errors="0">
  <testcase name="testValidLoginLogout" time="27.666" classname="scripts.ValidLoginLogOut"/>
</testsuite> <!-- scripts.ValidLoginLogOut -->
